<?xml version="1.0" encoding="UTF-8"?>
<testng-results ignored="0" total="8" passed="7" failed="1" skipped="0">
  <reporter-output>
  </reporter-output>
  <suite started-at="2023-07-22T16:03:34 IST" name="Default suite" finished-at="2023-07-22T16:03:37 IST" duration-ms="3239">
    <groups>
    </groups>
    <test started-at="2023-07-22T16:03:34 IST" name="Default test" finished-at="2023-07-22T16:03:37 IST" duration-ms="3239">
      <class name="TestPackage.TestTestNG">
        <test-method is-config="true" signature="beforeClass()[pri:0, instance:TestPackage.TestTestNG@408d971b]" started-at="2023-07-22T16:03:34 IST" name="beforeClass" finished-at="2023-07-22T16:03:34 IST" duration-ms="25" status="PASS">
          <reporter-output>
          </reporter-output>
        </test-method> <!-- beforeClass -->
        <test-method is-config="true" signature="beforeMethod()[pri:0, instance:TestPackage.TestTestNG@408d971b]" started-at="2023-07-22T16:03:34 IST" name="beforeMethod" finished-at="2023-07-22T16:03:34 IST" duration-ms="1" status="PASS">
          <reporter-output>
          </reporter-output>
        </test-method> <!-- beforeMethod -->
        <test-method signature="test2()[pri:-2, instance:TestPackage.TestTestNG@408d971b]" started-at="2023-07-22T16:03:34 IST" name="test2" finished-at="2023-07-22T16:03:34 IST" duration-ms="14" status="PASS">
          <reporter-output>
          </reporter-output>
        </test-method> <!-- test2 -->
        <test-method is-config="true" signature="afterClass()[pri:0, instance:TestPackage.TestTestNG@408d971b]" started-at="2023-07-22T16:03:34 IST" name="afterClass" finished-at="2023-07-22T16:03:34 IST" duration-ms="0" status="PASS">
          <reporter-output>
          </reporter-output>
        </test-method> <!-- afterClass -->
        <test-method is-config="true" signature="afterMethod()[pri:0, instance:TestPackage.TestTestNG@408d971b]" started-at="2023-07-22T16:03:34 IST" name="afterMethod" finished-at="2023-07-22T16:03:34 IST" duration-ms="1" status="PASS">
          <reporter-output>
          </reporter-output>
        </test-method> <!-- afterMethod -->
        <test-method is-config="true" signature="beforeMethod()[pri:0, instance:TestPackage.TestTestNG@408d971b]" started-at="2023-07-22T16:03:34 IST" name="beforeMethod" finished-at="2023-07-22T16:03:34 IST" duration-ms="2" status="PASS">
          <reporter-output>
          </reporter-output>
        </test-method> <!-- beforeMethod -->
        <test-method signature="test3()[pri:0, instance:TestPackage.TestTestNG@408d971b]" started-at="2023-07-22T16:03:34 IST" name="test3" finished-at="2023-07-22T16:03:34 IST" duration-ms="2" status="PASS">
          <reporter-output>
          </reporter-output>
        </test-method> <!-- test3 -->
        <test-method is-config="true" signature="afterClass()[pri:0, instance:TestPackage.TestTestNG@408d971b]" started-at="2023-07-22T16:03:34 IST" name="afterClass" finished-at="2023-07-22T16:03:34 IST" duration-ms="0" status="PASS">
          <reporter-output>
          </reporter-output>
        </test-method> <!-- afterClass -->
        <test-method is-config="true" signature="afterMethod()[pri:0, instance:TestPackage.TestTestNG@408d971b]" started-at="2023-07-22T16:03:34 IST" name="afterMethod" finished-at="2023-07-22T16:03:34 IST" duration-ms="0" status="PASS">
          <reporter-output>
          </reporter-output>
        </test-method> <!-- afterMethod -->
        <test-method is-config="true" signature="beforeMethod()[pri:0, instance:TestPackage.TestTestNG@408d971b]" started-at="2023-07-22T16:03:34 IST" name="beforeMethod" finished-at="2023-07-22T16:03:34 IST" duration-ms="0" status="PASS">
          <reporter-output>
          </reporter-output>
        </test-method> <!-- beforeMethod -->
        <test-method signature="test6()[pri:0, instance:TestPackage.TestTestNG@408d971b]" started-at="2023-07-22T16:03:34 IST" name="test6" finished-at="2023-07-22T16:03:37 IST" duration-ms="3023" status="FAIL">
          <exception class="org.testng.internal.thread.ThreadTimeoutException">
            <message>
              <![CDATA[Method TestPackage.TestTestNG.test6() didn't finish within the time-out 3000]]>
            </message>
            <full-stacktrace>
              <![CDATA[org.testng.internal.thread.ThreadTimeoutException: Method TestPackage.TestTestNG.test6() didn't finish within the time-out 3000
at java.base@18.0.2.1/java.lang.Thread.sleep(Native Method)
at app//TestPackage.TestTestNG.test6(TestTestNG.java:48)
at java.base@18.0.2.1/java.lang.invoke.LambdaForm$DMH/0x0000000800d14800.invokeVirtual(LambdaForm$DMH)
at java.base@18.0.2.1/java.lang.invoke.LambdaForm$MH/0x0000000800d15000.invoke(LambdaForm$MH)
at java.base@18.0.2.1/java.lang.invoke.Invokers$Holder.invokeExact_MT(Invokers$Holder)
at java.base@18.0.2.1/jdk.internal.reflect.DirectMethodHandleAccessor.invokeImpl(DirectMethodHandleAccessor.java:154)
at java.base@18.0.2.1/jdk.internal.reflect.DirectMethodHandleAccessor.invoke(DirectMethodHandleAccessor.java:104)
at java.base@18.0.2.1/java.lang.reflect.Method.invoke(Method.java:577)
at app//org.testng.internal.invokers.MethodInvocationHelper.invokeMethod(MethodInvocationHelper.java:139)
at app//org.testng.internal.invokers.InvokeMethodRunnable.runOne(InvokeMethodRunnable.java:47)
at app//org.testng.internal.invokers.InvokeMethodRunnable.call(InvokeMethodRunnable.java:76)
at app//org.testng.internal.invokers.InvokeMethodRunnable.call(InvokeMethodRunnable.java:11)
at java.base@18.0.2.1/java.util.concurrent.FutureTask.run(FutureTask.java:264)
at java.base@18.0.2.1/java.util.concurrent.ThreadPoolExecutor.runWorker(ThreadPoolExecutor.java:1136)
at java.base@18.0.2.1/java.util.concurrent.ThreadPoolExecutor$Worker.run(ThreadPoolExecutor.java:635)
at java.base@18.0.2.1/java.lang.Thread.run(Thread.java:833)
]]>
            </full-stacktrace>
          </exception> <!-- org.testng.internal.thread.ThreadTimeoutException -->
          <reporter-output>
          </reporter-output>
        </test-method> <!-- test6 -->
        <test-method is-config="true" signature="afterClass()[pri:0, instance:TestPackage.TestTestNG@408d971b]" started-at="2023-07-22T16:03:37 IST" name="afterClass" finished-at="2023-07-22T16:03:37 IST" duration-ms="1" status="PASS">
          <reporter-output>
          </reporter-output>
        </test-method> <!-- afterClass -->
        <test-method is-config="true" signature="afterMethod()[pri:0, instance:TestPackage.TestTestNG@408d971b]" started-at="2023-07-22T16:03:37 IST" name="afterMethod" finished-at="2023-07-22T16:03:37 IST" duration-ms="1" status="PASS">
          <reporter-output>
          </reporter-output>
        </test-method> <!-- afterMethod -->
        <test-method is-config="true" signature="beforeMethod()[pri:0, instance:TestPackage.TestTestNG@408d971b]" started-at="2023-07-22T16:03:37 IST" name="beforeMethod" finished-at="2023-07-22T16:03:37 IST" duration-ms="2" status="PASS">
          <reporter-output>
          </reporter-output>
        </test-method> <!-- beforeMethod -->
        <test-method signature="test1()[pri:1, instance:TestPackage.TestTestNG@408d971b]" started-at="2023-07-22T16:03:37 IST" name="test1" finished-at="2023-07-22T16:03:37 IST" duration-ms="5" status="PASS">
          <reporter-output>
          </reporter-output>
        </test-method> <!-- test1 -->
        <test-method is-config="true" signature="afterClass()[pri:0, instance:TestPackage.TestTestNG@408d971b]" started-at="2023-07-22T16:03:37 IST" name="afterClass" finished-at="2023-07-22T16:03:37 IST" duration-ms="2" status="PASS">
          <reporter-output>
          </reporter-output>
        </test-method> <!-- afterClass -->
        <test-method is-config="true" signature="afterMethod()[pri:0, instance:TestPackage.TestTestNG@408d971b]" started-at="2023-07-22T16:03:37 IST" name="afterMethod" finished-at="2023-07-22T16:03:37 IST" duration-ms="1" status="PASS">
          <reporter-output>
          </reporter-output>
        </test-method> <!-- afterMethod -->
        <test-method is-config="true" signature="beforeMethod()[pri:0, instance:TestPackage.TestTestNG@408d971b]" started-at="2023-07-22T16:03:37 IST" name="beforeMethod" finished-at="2023-07-22T16:03:37 IST" duration-ms="1" status="PASS">
          <reporter-output>
          </reporter-output>
        </test-method> <!-- beforeMethod -->
        <test-method signature="test4()[pri:4, instance:TestPackage.TestTestNG@408d971b]" started-at="2023-07-22T16:03:37 IST" name="test4" finished-at="2023-07-22T16:03:37 IST" duration-ms="3" status="PASS">
          <reporter-output>
          </reporter-output>
        </test-method> <!-- test4 -->
        <test-method is-config="true" signature="afterClass()[pri:0, instance:TestPackage.TestTestNG@408d971b]" started-at="2023-07-22T16:03:37 IST" name="afterClass" finished-at="2023-07-22T16:03:37 IST" duration-ms="1" status="PASS">
          <reporter-output>
          </reporter-output>
        </test-method> <!-- afterClass -->
        <test-method is-config="true" signature="afterMethod()[pri:0, instance:TestPackage.TestTestNG@408d971b]" started-at="2023-07-22T16:03:37 IST" name="afterMethod" finished-at="2023-07-22T16:03:37 IST" duration-ms="1" status="PASS">
          <reporter-output>
          </reporter-output>
        </test-method> <!-- afterMethod -->
        <test-method is-config="true" signature="beforeMethod()[pri:0, instance:TestPackage.TestTestNG@408d971b]" started-at="2023-07-22T16:03:37 IST" name="beforeMethod" finished-at="2023-07-22T16:03:37 IST" duration-ms="1" status="PASS">
          <reporter-output>
          </reporter-output>
        </test-method> <!-- beforeMethod -->
        <test-method signature="test4()[pri:4, instance:TestPackage.TestTestNG@408d971b]" started-at="2023-07-22T16:03:37 IST" name="test4" finished-at="2023-07-22T16:03:37 IST" duration-ms="2" status="PASS">
          <reporter-output>
          </reporter-output>
        </test-method> <!-- test4 -->
        <test-method is-config="true" signature="afterClass()[pri:0, instance:TestPackage.TestTestNG@408d971b]" started-at="2023-07-22T16:03:37 IST" name="afterClass" finished-at="2023-07-22T16:03:37 IST" duration-ms="1" status="PASS">
          <reporter-output>
          </reporter-output>
        </test-method> <!-- afterClass -->
        <test-method is-config="true" signature="afterMethod()[pri:0, instance:TestPackage.TestTestNG@408d971b]" started-at="2023-07-22T16:03:37 IST" name="afterMethod" finished-at="2023-07-22T16:03:37 IST" duration-ms="1" status="PASS">
          <reporter-output>
          </reporter-output>
        </test-method> <!-- afterMethod -->
        <test-method is-config="true" signature="beforeMethod()[pri:0, instance:TestPackage.TestTestNG@408d971b]" started-at="2023-07-22T16:03:37 IST" name="beforeMethod" finished-at="2023-07-22T16:03:37 IST" duration-ms="1" status="PASS">
          <reporter-output>
          </reporter-output>
        </test-method> <!-- beforeMethod -->
        <test-method signature="test4()[pri:4, instance:TestPackage.TestTestNG@408d971b]" started-at="2023-07-22T16:03:37 IST" name="test4" finished-at="2023-07-22T16:03:37 IST" duration-ms="3" status="PASS">
          <reporter-output>
          </reporter-output>
        </test-method> <!-- test4 -->
        <test-method is-config="true" signature="afterClass()[pri:0, instance:TestPackage.TestTestNG@408d971b]" started-at="2023-07-22T16:03:37 IST" name="afterClass" finished-at="2023-07-22T16:03:37 IST" duration-ms="2" status="PASS">
          <reporter-output>
          </reporter-output>
        </test-method> <!-- afterClass -->
        <test-method is-config="true" signature="afterMethod()[pri:0, instance:TestPackage.TestTestNG@408d971b]" started-at="2023-07-22T16:03:37 IST" name="afterMethod" finished-at="2023-07-22T16:03:37 IST" duration-ms="2" status="PASS">
          <reporter-output>
          </reporter-output>
        </test-method> <!-- afterMethod -->
        <test-method is-config="true" signature="beforeMethod()[pri:0, instance:TestPackage.TestTestNG@408d971b]" started-at="2023-07-22T16:03:37 IST" name="beforeMethod" finished-at="2023-07-22T16:03:37 IST" duration-ms="2" status="PASS">
          <reporter-output>
          </reporter-output>
        </test-method> <!-- beforeMethod -->
        <test-method signature="test7()[pri:7, instance:TestPackage.TestTestNG@408d971b]" started-at="2023-07-22T16:03:37 IST" name="test7" finished-at="2023-07-22T16:03:37 IST" depends-on-methods="TestPackage.TestTestNG.test4, TestPackage.TestTestNG.test3" duration-ms="3" status="PASS">
          <reporter-output>
          </reporter-output>
        </test-method> <!-- test7 -->
        <test-method is-config="true" signature="afterClass()[pri:0, instance:TestPackage.TestTestNG@408d971b]" started-at="2023-07-22T16:03:37 IST" name="afterClass" finished-at="2023-07-22T16:03:37 IST" duration-ms="1" status="PASS">
          <reporter-output>
          </reporter-output>
        </test-method> <!-- afterClass -->
        <test-method is-config="true" signature="afterMethod()[pri:0, instance:TestPackage.TestTestNG@408d971b]" started-at="2023-07-22T16:03:37 IST" name="afterMethod" finished-at="2023-07-22T16:03:37 IST" duration-ms="1" status="PASS">
          <reporter-output>
          </reporter-output>
        </test-method> <!-- afterMethod -->
      </class> <!-- TestPackage.TestTestNG -->
    </test> <!-- Default test -->
  </suite> <!-- Default suite -->
</testng-results>
